{"name": "test_register_form_radio_checkbox_dropdown", "status": "broken", "statusDetails": {"message": "selenium.common.exceptions.NoSuchElementException: Message: no such element: Unable to locate element: {\"method\":\"css selector\",\"selector\":\"[id=\"gender-male\"]\"}\n  (Session info: chrome=141.0.7390.108); For documentation on this error, please visit: https://www.selenium.dev/documentation/webdriver/troubleshooting/errors#no-such-element-exception\nStacktrace:\n\tGetHandleVerifier [0x0x127fe83+66515]\n\tGetHandleVerifier [0x0x127fec4+66580]\n\t(No symbol) [0x0x106dc48]\n\t(No symbol) [0x0x10b8704]\n\t(No symbol) [0x0x10b8aab]\n\t(No symbol) [0x0x10ff482]\n\t(No symbol) [0x0x10db214]\n\t(No symbol) [0x0x10fcba7]\n\t(No symbol) [0x0x10dafc6]\n\t(No symbol) [0x0x10ac2ca]\n\t(No symbol) [0x0x10ad154]\n\tGetHandleVerifier [0x0x14d73b3+2521347]\n\tGetHandleVerifier [0x0x14d2333+2500739]\n\tGetHandleVerifier [0x0x12a7cd4+229924]\n\tGetHandleVerifier [0x0x1298238+165768]\n\tGetHandleVerifier [0x0x129eced+193085]\n\tGetHandleVerifier [0x0x1288198+100072]\n\tGetHandleVerifier [0x0x1288330+100480]\n\tGetHandleVerifier [0x0x12725ea+11066]\n\tBaseThreadInitThunk [0x0x76325d49+25]\n\tRtlInitializeExceptionChain [0x0x7741d6db+107]\n\tRtlGetAppContainerNamedObjectPath [0x0x7741d661+561]", "trace": "driver = <selenium.webdriver.chrome.webdriver.WebDriver (session=\"65bf0527d4e43c55692da07b5cc90450\")>, base_url = 'https://www.saucedemo.com'\n\n    @pytest.mark.selenium_topics\n    def test_register_form_radio_checkbox_dropdown(driver, base_url):\n        driver.get(f\"{base_url}/auth/signup\")\n    \n        # Radio buttons (Gender)\n>       male_radio = driver.find_element(By.ID, \"gender-male\")\n\nsrc\\seleniumProject\\tests\\test_form_elements_and_login.py:21: \n_ _ _ _ _ _ _ _ _ _ _ _ _ _ _ _ _ _ _ _ _ _ _ _ _ _ _ _ _ _ _ _ _ _ _ _ _ _ _ _ _ _ _ _ _ _ _ _ _ _ _ _ _ _ _ _ _ _ _ _ _ _ _ _ _ _ _ _ _ _ _ _ _ _ _ _ _ _ _ _ _ _ _ _ _ _ _ _ _ _ _ _ _ _ _ _ _ _ _ _ _ _ _ _ _ _ _ _ _ _ _ _ _ _\n.venv\\Lib\\site-packages\\selenium\\webdriver\\remote\\webdriver.py:748: in find_element\n    return self.execute(Command.FIND_ELEMENT, {\"using\": by, \"value\": value})[\"value\"]\n.venv\\Lib\\site-packages\\selenium\\webdriver\\remote\\webdriver.py:354: in execute\n    self.error_handler.check_response(response)\n_ _ _ _ _ _ _ _ _ _ _ _ _ _ _ _ _ _ _ _ _ _ _ _ _ _ _ _ _ _ _ _ _ _ _ _ _ _ _ _ _ _ _ _ _ _ _ _ _ _ _ _ _ _ _ _ _ _ _ _ _ _ _ _ _ _ _ _ _ _ _ _ _ _ _ _ _ _ _ _ _ _ _ _ _ _ _ _ _ _ _ _ _ _ _ _ _ _ _ _ _ _ _ _ _ _ _ _ _ _ _ _ _ _\n\nself = <selenium.webdriver.remote.errorhandler.ErrorHandler object at 0x0000019AB23E1040>\nresponse = {'status': 404, 'value': '{\"value\":{\"error\":\"no such element\",\"message\":\"no such element: Unable to locate element: {\\...]\\\\n\\\\tRtlInitializeExceptionChain [0x0x7741d6db+107]\\\\n\\\\tRtlGetAppContainerNamedObjectPath [0x0x7741d661+561]\\\\n\"}}'}\n\n    def check_response(self, response: Dict[str, Any]) -> None:\n        \"\"\"Checks that a JSON response from the WebDriver does not have an\n        error.\n    \n        :Args:\n         - response - The JSON response from the WebDriver server as a dictionary\n           object.\n    \n        :Raises: If the response contains an error message.\n        \"\"\"\n        status = response.get(\"status\", None)\n        if not status or status == ErrorCode.SUCCESS:\n            return\n        value = None\n        message = response.get(\"message\", \"\")\n        screen: str = response.get(\"screen\", \"\")\n        stacktrace = None\n        if isinstance(status, int):\n            value_json = response.get(\"value\", None)\n            if value_json and isinstance(value_json, str):\n                import json\n    \n                try:\n                    value = json.loads(value_json)\n                    if len(value) == 1:\n                        value = value[\"value\"]\n                    status = value.get(\"error\", None)\n                    if not status:\n                        status = value.get(\"status\", ErrorCode.UNKNOWN_ERROR)\n                        message = value.get(\"value\") or value.get(\"message\")\n                        if not isinstance(message, str):\n                            value = message\n                            message = message.get(\"message\")\n                    else:\n                        message = value.get(\"message\", None)\n                except ValueError:\n                    pass\n    \n        exception_class: Type[WebDriverException]\n        e = ErrorCode()\n        error_codes = [item for item in dir(e) if not item.startswith(\"__\")]\n        for error_code in error_codes:\n            error_info = getattr(ErrorCode, error_code)\n            if isinstance(error_info, list) and status in error_info:\n                exception_class = getattr(ExceptionMapping, error_code, WebDriverException)\n                break\n        else:\n            exception_class = WebDriverException\n    \n        if not value:\n            value = response[\"value\"]\n        if isinstance(value, str):\n            raise exception_class(value)\n        if message == \"\" and \"message\" in value:\n            message = value[\"message\"]\n    \n        screen = None  # type: ignore[assignment]\n        if \"screen\" in value:\n            screen = value[\"screen\"]\n    \n        stacktrace = None\n        st_value = value.get(\"stackTrace\") or value.get(\"stacktrace\")\n        if st_value:\n            if isinstance(st_value, str):\n                stacktrace = st_value.split(\"\\n\")\n            else:\n                stacktrace = []\n                try:\n                    for frame in st_value:\n                        line = frame.get(\"lineNumber\", \"\")\n                        file = frame.get(\"fileName\", \"<anonymous>\")\n                        if line:\n                            file = f\"{file}:{line}\"\n                        meth = frame.get(\"methodName\", \"<anonymous>\")\n                        if \"className\" in frame:\n                            meth = f\"{frame['className']}.{meth}\"\n                        msg = \"    at %s (%s)\"\n                        msg = msg % (meth, file)\n                        stacktrace.append(msg)\n                except TypeError:\n                    pass\n        if exception_class == UnexpectedAlertPresentException:\n            alert_text = None\n            if \"data\" in value:\n                alert_text = value[\"data\"].get(\"text\")\n            elif \"alert\" in value:\n                alert_text = value[\"alert\"].get(\"text\")\n            raise exception_class(message, screen, stacktrace, alert_text)  # type: ignore[call-arg]  # mypy is not smart enough here\n>       raise exception_class(message, screen, stacktrace)\nE       selenium.common.exceptions.NoSuchElementException: Message: no such element: Unable to locate element: {\"method\":\"css selector\",\"selector\":\"[id=\"gender-male\"]\"}\nE         (Session info: chrome=141.0.7390.108); For documentation on this error, please visit: https://www.selenium.dev/documentation/webdriver/troubleshooting/errors#no-such-element-exception\nE       Stacktrace:\nE       \tGetHandleVerifier [0x0x127fe83+66515]\nE       \tGetHandleVerifier [0x0x127fec4+66580]\nE       \t(No symbol) [0x0x106dc48]\nE       \t(No symbol) [0x0x10b8704]\nE       \t(No symbol) [0x0x10b8aab]\nE       \t(No symbol) [0x0x10ff482]\nE       \t(No symbol) [0x0x10db214]\nE       \t(No symbol) [0x0x10fcba7]\nE       \t(No symbol) [0x0x10dafc6]\nE       \t(No symbol) [0x0x10ac2ca]\nE       \t(No symbol) [0x0x10ad154]\nE       \tGetHandleVerifier [0x0x14d73b3+2521347]\nE       \tGetHandleVerifier [0x0x14d2333+2500739]\nE       \tGetHandleVerifier [0x0x12a7cd4+229924]\nE       \tGetHandleVerifier [0x0x1298238+165768]\nE       \tGetHandleVerifier [0x0x129eced+193085]\nE       \tGetHandleVerifier [0x0x1288198+100072]\nE       \tGetHandleVerifier [0x0x1288330+100480]\nE       \tGetHandleVerifier [0x0x12725ea+11066]\nE       \tBaseThreadInitThunk [0x0x76325d49+25]\nE       \tRtlInitializeExceptionChain [0x0x7741d6db+107]\nE       \tRtlGetAppContainerNamedObjectPath [0x0x7741d661+561]\n\n.venv\\Lib\\site-packages\\selenium\\webdriver\\remote\\errorhandler.py:229: NoSuchElementException"}, "start": 1761072830853, "stop": 1761072832988, "uuid": "f8c8acb1-b2b2-4675-8a9b-4c4e1dfe2cd7", "historyId": "90f2f829eb64e77ed780ec8847bd2843", "testCaseId": "90f2f829eb64e77ed780ec8847bd2843", "fullName": "src.seleniumProject.tests.test_form_elements_and_login#test_register_form_radio_checkbox_dropdown", "labels": [{"name": "tag", "value": "selenium_topics"}, {"name": "parentSuite", "value": "src.seleniumProject.tests"}, {"name": "suite", "value": "test_form_elements_and_login"}, {"name": "host", "value": "LAPTOP-QBEOK0VL"}, {"name": "thread", "value": "5264-MainThread"}, {"name": "framework", "value": "pytest"}, {"name": "language", "value": "cpython3"}, {"name": "package", "value": "src.seleniumProject.tests.test_form_elements_and_login"}], "titlePath": ["src", "seleniumProject", "tests", "test_form_elements_and_login.py"]}