{"name": "test_js_executor_scroll_and_screenshot", "status": "failed", "statusDetails": {"message": "AssertionError: assert 'nopCommerce' in 'Swag Labs'", "trace": "tmp_path = WindowsPath('C:/Users/Aryan/AppData/Local/Temp/pytest-of-Aryan/pytest-8/test_js_executor_scroll_and_sc0'), driver = <selenium.webdriver.chrome.webdriver.WebDriver (session=\"af76dbb34c23db40d43aa06c857fbf16\")>\nbase_url = 'https://www.saucedemo.com'\n\n    @pytest.mark.selenium_topics\n    def test_js_executor_scroll_and_screenshot(tmp_path, driver, base_url):\n        driver.get(base_url)\n    \n        # Execute JS: return title and scroll\n        title = driver.execute_script(\"return document.title;\")\n>       assert \"nopCommerce\" in title\nE       AssertionError: assert 'nopCommerce' in 'Swag Labs'\n\nsrc\\seleniumProject\\tests\\test_js_executor_and_screenshots.py:28: AssertionError"}, "start": 1761072874505, "stop": 1761072874769, "uuid": "ee6842d0-39f8-4428-82ec-163092246999", "historyId": "e6369a267c3c99721828fcf79439760d", "testCaseId": "e6369a267c3c99721828fcf79439760d", "fullName": "src.seleniumProject.tests.test_js_executor_and_screenshots#test_js_executor_scroll_and_screenshot", "labels": [{"name": "tag", "value": "selenium_topics"}, {"name": "parentSuite", "value": "src.seleniumProject.tests"}, {"name": "suite", "value": "test_js_executor_and_screenshots"}, {"name": "host", "value": "LAPTOP-QBEOK0VL"}, {"name": "thread", "value": "5264-MainThread"}, {"name": "framework", "value": "pytest"}, {"name": "language", "value": "cpython3"}, {"name": "package", "value": "src.seleniumProject.tests.test_js_executor_and_screenshots"}], "titlePath": ["src", "seleniumProject", "tests", "test_js_executor_and_screenshots.py"]}